-------------------------------------------------------------------------------
Test set: people.PeopleTest
-------------------------------------------------------------------------------
Tests run: 2, Failures: 1, Errors: 0, Skipped: 0, Time elapsed: 0.048 s <<< FAILURE! - in people.PeopleTest
personGetAge(people.PeopleTest)  Time elapsed: 0.003 s  <<< FAILURE!
java.lang.AssertionError: Person age is not correct:  expected:<21> but was:<27>
	at people.PeopleTest.personGetAge(PeopleTest.java:19)

