-------------------------------------------------------------------------------
Test set: people.AutomatedEngineerTest
-------------------------------------------------------------------------------
Tests run: 3, Failures: 1, Errors: 0, Skipped: 0, Time elapsed: 0.002 s <<< FAILURE! - in people.AutomatedEngineerTest
automatedTestSkills(people.AutomatedEngineerTest)  Time elapsed: 0 s  <<< FAILURE!
java.lang.AssertionError: Person skills is not correct:  expected:<3> but was:<2>
	at people.AutomatedEngineerTest.automatedTestSkills(AutomatedEngineerTest.java:26)

