<?xml version="1.0" encoding="UTF-8"?>
<testsuite xmlns:xsi="http://www.w3.org/2001/XMLSchema-instance" xsi:noNamespaceSchemaLocation="https://maven.apache.org/surefire/maven-surefire-plugin/xsd/surefire-test-report.xsd" name="suites.PeopleSuite" time="0.055" tests="12" errors="0" skipped="0" failures="0">
  <properties>
[...]
</properties>
  <testcase name="manualTestExperienceNew" classname="people.ManualTestAge" time="0.004"/>
  <testcase name="manualTestSkills" classname="people.ManualTestAge" time="0"/>
  <testcase name="setterTestAge" classname="people.ManualTestAge" time="0"/>
  <testcase name="manualTestAge" classname="people.ManualTestAge" time="0"/>
  <testcase name="setterTestExperience" classname="people.ManualTestAge" time="0"/>
  <testcase name="setterTestSkills" classname="people.ManualTestAge" time="0"/>
  <testcase name="automatedTestAge" classname="people.AutomatedEngineerTest" time="0"/>
  <testcase name="automatedTestSkills" classname="people.AutomatedEngineerTest" time="0.001"/>
  <testcase name="setterTestAge" classname="people.AutomatedEngineerTest" time="0"/>
  <testcase name="automatedTestExperienceNew" classname="people.AutomatedEngineerTest" time="0.001"/>
  <testcase name="setterTestExperience" classname="people.AutomatedEngineerTest" time="0"/>
  <testcase name="setterTestSkills" classname="people.AutomatedEngineerTest" time="0"/>
</testsuite>